<?xml version="1.0" encoding="UTF-8"?>
<testsuite name="com.klarna.risk.decision.domain.CreditDecisionMakerTest" tests="4" skipped="0" failures="0" errors="0" timestamp="2019-11-27T21:37:45" hostname="luca-pc" time="0.002">
  <properties/>
  <testcase name="shouldAcceptCreditRequestsUpToCustomerDebtLimit" classname="com.klarna.risk.decision.domain.CreditDecisionMakerTest" time="0.001"/>
  <testcase name="shouldNotAcceptPurchasesThatWouldResultWithExceedingCustomerDebtLimit" classname="com.klarna.risk.decision.domain.CreditDecisionMakerTest" time="0.0"/>
  <testcase name="shouldThrowIllegalArgumentExceptionOnNegativePurchaseAmount" classname="com.klarna.risk.decision.domain.CreditDecisionMakerTest" time="0.0"/>
  <testcase name="shouldAcceptCreditRequestsUpToPurchaseAmountLimit" classname="com.klarna.risk.decision.domain.CreditDecisionMakerTest" time="0.0"/>
  <system-out><![CDATA[]]></system-out>
  <system-err><![CDATA[]]></system-err>
</testsuite>
