<?xml version="1.0" encoding="UTF-8"?>
<testsuite name="com.klarna.risk.decision.CreditDecisionApiTest" tests="3" skipped="0" failures="0" errors="0" timestamp="2019-11-27T21:37:45" hostname="luca-pc" time="2.097">
  <properties/>
  <testcase name="requestUpTo10ShouldBeAccepted" classname="com.klarna.risk.decision.CreditDecisionApiTest" time="1.458"/>
  <testcase name="customerDebtLimitShouldBeExceeded" classname="com.klarna.risk.decision.CreditDecisionApiTest" time="0.473"/>
  <testcase name="requestAbove10ShouldNotBeAccepted" classname="com.klarna.risk.decision.CreditDecisionApiTest" time="0.165"/>
  <system-out><![CDATA[Start jettyServer
JettyServer started
Stop jettyServer
JettyServer stopped
Start jettyServer
JettyServer started
Stop jettyServer
JettyServer stopped
Start jettyServer
JettyServer started
Stop jettyServer
JettyServer stopped
]]></system-out>
  <system-err><![CDATA[2019-11-27 22:37:45.314:INFO::Test worker: Logging initialized @814ms to org.eclipse.jetty.util.log.StdErrLog
2019-11-27 22:37:45.428:INFO:oejs.Server:Test worker: jetty-9.4.7.v20170914
2019-11-27 22:37:45.581:INFO:oejw.StandardDescriptorProcessor:Test worker: NO JSP Support for /, did not find org.eclipse.jetty.jsp.JettyJspServlet
2019-11-27 22:37:45.591:INFO:oejs.session:Test worker: DefaultSessionIdManager workerName=node0
2019-11-27 22:37:45.591:INFO:oejs.session:Test worker: No SessionScavenger set, using defaults
2019-11-27 22:37:45.594:INFO:oejs.session:Test worker: Scavenging every 660000ms
2019-11-27 22:37:46.300:INFO:oejsh.ContextHandler:Test worker: Started o.e.j.w.WebAppContext@52b69bff{/,file:///home/luca/eclipse-workspace/block-1-skill-interview/src/main/webapp/,AVAILABLE}
2019-11-27 22:37:46.312:INFO:oejs.AbstractConnector:Test worker: Started ServerConnector@26c8b432{HTTP/1.1,[http/1.1]}{0.0.0.0:8080}
2019-11-27 22:37:46.312:INFO:oejs.Server:Test worker: Started @1812ms
2019-11-27 22:37:46.800:INFO:oejs.AbstractConnector:Test worker: Stopped ServerConnector@26c8b432{HTTP/1.1,[http/1.1]}{0.0.0.0:8080}
2019-11-27 22:37:46.800:INFO:oejs.session:Test worker: Stopped scavenging
2019-11-27 22:37:46.809:INFO:oejsh.ContextHandler:Test worker: Stopped o.e.j.w.WebAppContext@52b69bff{/,file:///home/luca/eclipse-workspace/block-1-skill-interview/src/main/webapp/,UNAVAILABLE}
2019-11-27 22:37:46.813:INFO:oejs.Server:Test worker: jetty-9.4.7.v20170914
2019-11-27 22:37:46.834:INFO:oejw.StandardDescriptorProcessor:Test worker: NO JSP Support for /, did not find org.eclipse.jetty.jsp.JettyJspServlet
2019-11-27 22:37:46.835:INFO:oejs.session:Test worker: DefaultSessionIdManager workerName=node0
2019-11-27 22:37:46.835:INFO:oejs.session:Test worker: No SessionScavenger set, using defaults
2019-11-27 22:37:46.835:INFO:oejs.session:Test worker: Scavenging every 600000ms
2019-11-27 22:37:46.929:INFO:oejsh.ContextHandler:Test worker: Started o.e.j.w.WebAppContext@3a01421{/,file:///home/luca/eclipse-workspace/block-1-skill-interview/src/main/webapp/,AVAILABLE}
2019-11-27 22:37:46.930:INFO:oejs.AbstractConnector:Test worker: Started ServerConnector@f50d3e1{HTTP/1.1,[http/1.1]}{0.0.0.0:8080}
2019-11-27 22:37:46.930:INFO:oejs.Server:Test worker: Started @2430ms
2019-11-27 22:37:47.280:INFO:oejs.AbstractConnector:Test worker: Stopped ServerConnector@f50d3e1{HTTP/1.1,[http/1.1]}{0.0.0.0:8080}
2019-11-27 22:37:47.281:INFO:oejs.session:Test worker: Stopped scavenging
2019-11-27 22:37:47.284:INFO:oejsh.ContextHandler:Test worker: Stopped o.e.j.w.WebAppContext@3a01421{/,file:///home/luca/eclipse-workspace/block-1-skill-interview/src/main/webapp/,UNAVAILABLE}
2019-11-27 22:37:47.288:INFO:oejs.Server:Test worker: jetty-9.4.7.v20170914
2019-11-27 22:37:47.313:INFO:oejw.StandardDescriptorProcessor:Test worker: NO JSP Support for /, did not find org.eclipse.jetty.jsp.JettyJspServlet
2019-11-27 22:37:47.314:INFO:oejs.session:Test worker: DefaultSessionIdManager workerName=node0
2019-11-27 22:37:47.314:INFO:oejs.session:Test worker: No SessionScavenger set, using defaults
2019-11-27 22:37:47.314:INFO:oejs.session:Test worker: Scavenging every 660000ms
2019-11-27 22:37:47.385:INFO:oejsh.ContextHandler:Test worker: Started o.e.j.w.WebAppContext@3f9a9af8{/,file:///home/luca/eclipse-workspace/block-1-skill-interview/src/main/webapp/,AVAILABLE}
2019-11-27 22:37:47.386:INFO:oejs.AbstractConnector:Test worker: Started ServerConnector@709d912a{HTTP/1.1,[http/1.1]}{0.0.0.0:8080}
2019-11-27 22:37:47.386:INFO:oejs.Server:Test worker: Started @2886ms
2019-11-27 22:37:47.437:INFO:oejs.AbstractConnector:Test worker: Stopped ServerConnector@709d912a{HTTP/1.1,[http/1.1]}{0.0.0.0:8080}
2019-11-27 22:37:47.437:INFO:oejs.session:Test worker: Stopped scavenging
2019-11-27 22:37:47.449:INFO:oejsh.ContextHandler:Test worker: Stopped o.e.j.w.WebAppContext@3f9a9af8{/,file:///home/luca/eclipse-workspace/block-1-skill-interview/src/main/webapp/,UNAVAILABLE}
]]></system-err>
</testsuite>
