<?xml version="1.0" encoding="UTF-8"?>
<testsuite name="com.klarna.risk.decision.domain.CustomerDebtRepositoryTest" tests="2" skipped="0" failures="0" errors="0" timestamp="2019-11-27T21:37:45" hostname="luca-pc" time="0.013">
  <properties/>
  <testcase name="newCustomerDebtIsZero" classname="com.klarna.risk.decision.domain.CustomerDebtRepositoryTest" time="0.013"/>
  <testcase name="returningCustomerDebtIsNotZero" classname="com.klarna.risk.decision.domain.CustomerDebtRepositoryTest" time="0.0"/>
  <system-out><![CDATA[]]></system-out>
  <system-err><![CDATA[]]></system-err>
</testsuite>
